<?xml version="1.0" encoding="UTF-8"?>
<testng-results skipped="0" failed="0" total="1" passed="1">
  <reporter-output>
  </reporter-output>
  <suite name="Default suite" duration-ms="59" started-at="2015-08-05T13:21:00Z" finished-at="2015-08-05T13:21:00Z">
    <groups>
    </groups>
    <test name="Default test" duration-ms="59" started-at="2015-08-05T13:21:00Z" finished-at="2015-08-05T13:21:00Z">
      <class name="demoJenkins.DemoJenkinsJobs">
        <test-method status="PASS" signature="HelloJenkins()[pri:0, instance:demoJenkins.DemoJenkinsJobs@1aa5f9b]" name="HelloJenkins" duration-ms="27" started-at="2015-08-05T18:51:00Z" finished-at="2015-08-05T18:51:00Z">
          <reporter-output>
          </reporter-output>
        </test-method> <!-- HelloJenkins -->
      </class> <!-- demoJenkins.DemoJenkinsJobs -->
    </test> <!-- Default test -->
  </suite> <!-- Default suite -->
</testng-results>
